<?xml version="1.0" encoding="UTF-8"?>
<!-- Generated by org.testng.reporters.JUnitXMLReporter -->
<testsuite hostname="DESKTOP-5U1J4L6" name="Regression1" tests="5" failures="0" timestamp="12 Nov 2016 13:23:34 GMT" time="178.368" errors="0">
  <testcase name="Browser_Launch" time="4.703" classname="Test_Cases.Browser_URL_Launch"/>
  <testcase name="urllaunch" time="1.578" classname="Test_Cases.Browser_URL_Launch"/>
  <testcase name="email_field" time="4.315" classname="Test_Cases.login_testcases"/>
  <testcase name="select_dialogbox" time="23.932" classname="Test_Cases.login_testcases"/>
  <testcase name="web_tab" time="143.744" classname="Test_Cases.login_testcases"/>
</testsuite> <!-- Regression1 -->
